<?xml version="1.0" encoding="UTF-8"?>
<!-- Generated by org.testng.reporters.JUnitReportReporter -->
<testsuite hostname="HIJ-LP135" name="test.day5" tests="3" failures="0" timestamp="29 Nov 2020 03:32:52 GMT" time="0.003" errors="0">
  <testcase name="webLoginHomeLoan" time="0.001" classname="test.day5"/>
  <testcase name="mobilebLoginCarLoan" time="0.001" classname="test.day5"/>
  <testcase name="apiLoginCarLoan" time="0.001" classname="test.day5"/>
</testsuite> <!-- test.day5 -->
