<?xml version="1.0" encoding="UTF-8"?>
<!-- Generated by org.testng.reporters.JUnitReportReporter -->
<testsuite hostname="HIJ-LP135" name="test.day4" tests="4" failures="0" timestamp="29 Nov 2020 16:02:35 GMT" time="0.197" errors="0">
  <testcase name="mobileLoginCarLoan" time="0.000" classname="test.day4"/>
  <testcase name="xLaunchAppium" time="0.001" classname="test.day4"/>
  <testcase name="webLoginHomeLoan" time="0.007" classname="test.day4"/>
  <testcase name="androidEmulatorStart" time="0.189" classname="test.day4"/>
</testsuite> <!-- test.day4 -->
