<?xml version="1.0" encoding="UTF-8"?>
<!-- Generated by org.testng.reporters.JUnitReportReporter -->
<testsuite hostname="HIJ-LP135" name="day2" tests="2" failures="0" timestamp="28 Nov 2020 18:17:21 GMT" time="0.016" errors="0">
  <testcase name="test3" time="0.016" classname="day2"/>
  <testcase name="test4" time="0.000" classname="day2"/>
</testsuite> <!-- day2 -->
