<?xml version="1.0" encoding="UTF-8"?>
<!-- Generated by org.testng.reporters.JUnitReportReporter -->
<testsuite hostname="HIJ-LP135" name="day1" tests="2" failures="0" timestamp="28 Nov 2020 18:10:23 GMT" time="0.024" errors="0">
  <testcase name="test1" time="0.023" classname="day1"/>
  <testcase name="test2" time="0.001" classname="day1"/>
</testsuite> <!-- day1 -->
