<?xml version="1.0" encoding="UTF-8"?>
<!-- Generated by org.testng.reporters.JUnitReportReporter -->
<testsuite hostname="HIJ-LP135" name="test.InvocationCountTest" tests="5" failures="0" timestamp="11 Feb 2021 12:06:26 GMT" time="0.011" errors="0">
  <testcase name="test" time="0.008" classname="test.InvocationCountTest"/>
  <testcase name="test" time="0.001" classname="test.InvocationCountTest"/>
  <testcase name="test" time="0.000" classname="test.InvocationCountTest"/>
  <testcase name="test" time="0.001" classname="test.InvocationCountTest"/>
  <testcase name="test" time="0.001" classname="test.InvocationCountTest"/>
</testsuite> <!-- test.InvocationCountTest -->
