<?xml version="1.0" encoding="UTF-8"?>
<!-- Generated by org.testng.reporters.JUnitReportReporter -->
<testsuite hostname="HIJ-LP135" name="test.day3" tests="3" failures="0" timestamp="29 Nov 2020 15:37:11 GMT" time="0.000" errors="0">
  <testcase name="mobileLoginCarLoan" time="0.000" classname="test.day3"/>
  <testcase name="webLoginCarLoan" time="0.000" classname="test.day3"/>
  <testcase name="apiLoginCarLoan" time="0.000" classname="test.day3"/>
</testsuite> <!-- test.day3 -->
